

2025-07-08 01:16:30,065 - ERROR - Uncaught exception:
Traceback (most recent call last):
  File "C:\Users\Usuario\Documents\GitHub\Hypertool\ground_truth\ground_truth_tool.py", line 583, in keep_GT
    self.cube.save(filepath,fmt=fmt)
                                ^^^
UnboundLocalError: cannot access local variable 'fmt' where it is not associated with a value

2025-07-08 01:20:39,612 - ERROR - Uncaught exception:
Traceback (most recent call last):
  File "C:\Users\Usuario\Documents\GitHub\Hypertool\ground_truth\ground_truth_tool.py", line 586, in keep_GT
    self.cube_saved.emit(self.cube.ci)
                         ^^^^^^^^^^^^
AttributeError: 'Hypercube' object has no attribute 'ci'

2025-07-08 01:44:51,625 - ERROR - Uncaught exception:
Traceback (most recent call last):
  File "C:\Users\Usuario\Documents\GitHub\Hypertool\registration\register_tool.py", line 959, in on_accept
    mini_fixed_cube.cube_info.metadata_temp['name'] = lineedit_fix_name.text().strip()
                                                      ^^^^^^^^^^^^^^^^^
NameError: cannot access free variable 'lineedit_fix_name' where it is not associated with a value in enclosing scope. Did you mean: 'lineedit_reg_name'?

2025-07-08 01:45:03,050 - ERROR - Uncaught exception:
Traceback (most recent call last):
  File "C:\Users\Usuario\Documents\GitHub\Hypertool\registration\register_tool.py", line 959, in on_accept
    mini_fixed_cube.cube_info.metadata_temp['name'] = lineedit_fix_name.text().strip()
                                                      ^^^^^^^^^^^^^^^^^
NameError: cannot access free variable 'lineedit_fix_name' where it is not associated with a value in enclosing scope. Did you mean: 'lineedit_reg_name'?

2025-07-08 01:45:16,488 - ERROR - Uncaught exception:
Traceback (most recent call last):
  File "C:\Users\Usuario\Documents\GitHub\Hypertool\registration\register_tool.py", line 959, in on_accept
    mini_fixed_cube.cube_info.metadata_temp['name'] = lineedit_fix_name.text().strip()
                                                      ^^^^^^^^^^^^^^^^^
NameError: cannot access free variable 'lineedit_fix_name' where it is not associated with a value in enclosing scope. Did you mean: 'lineedit_reg_name'?

2025-07-08 01:45:50,391 - ERROR - Uncaught exception:
Traceback (most recent call last):
  File "C:\Users\Usuario\Documents\GitHub\Hypertool\registration\register_tool.py", line 780, in open_save_dialog
    self.save_cube_with_options(opts)
  File "C:\Users\Usuario\Documents\GitHub\Hypertool\registration\register_tool.py", line 1072, in save_cube_with_options
    save_path_fixed+=ext
                     ^^^
UnboundLocalError: cannot access local variable 'ext' where it is not associated with a value

